<?xml version="1.0" encoding="UTF-8"?>
<testng-results ignored="0" total="4" passed="4" failed="0" skipped="0">
  <reporter-output>
  </reporter-output>
  <suite started-at="2023-06-05T13:10:57 IST" name="Command line suite" finished-at="2023-06-05T13:10:59 IST" duration-ms="1307">
    <groups>
      <group name="cucumber">
        <method signature="AbstractTestNGCucumberTests.runScenario(io.cucumber.testng.PickleWrapper,io.cucumber.testng.FeatureWrapper)[pri:0, instance:Awesomecucus.Runners.TestNGRunnerTest@1f1c7bf6]" name="runScenario" class="io.cucumber.testng.AbstractTestNGCucumberTests"/>
      </group> <!-- cucumber -->
    </groups>
    <test started-at="2023-06-05T13:10:57 IST" name="Command line test" finished-at="2023-06-05T13:10:59 IST" duration-ms="1307">
      <class name="Awesomecucus.Runners.TestNGRunnerTest">
        <test-method is-config="true" signature="setUpClass(org.testng.ITestContext)[pri:0, instance:Awesomecucus.Runners.TestNGRunnerTest@1f1c7bf6]" started-at="2023-06-05T13:10:57 IST" name="setUpClass" finished-at="2023-06-05T13:10:58 IST" duration-ms="945" status="PASS">
          <params>
            <param index="0">
              <value>
                <![CDATA[org.testng.TestRunner@290b1b2e]]>
              </value>
            </param>
          </params>
          <reporter-output>
          </reporter-output>
        </test-method> <!-- setUpClass -->
        <test-method is-config="true" signature="DBClean()[pri:0, instance:Awesomecucus.Runners.TestNGRunnerTest@1f1c7bf6]" started-at="2023-06-05T13:10:58 IST" name="DBClean" finished-at="2023-06-05T13:10:58 IST" duration-ms="1" status="PASS">
          <reporter-output>
          </reporter-output>
        </test-method> <!-- DBClean -->
        <test-method signature="runScenario(io.cucumber.testng.PickleWrapper,io.cucumber.testng.FeatureWrapper)[pri:0, instance:Awesomecucus.Runners.TestNGRunnerTest@1f1c7bf6]" started-at="2023-06-05T13:10:58 IST" name="runScenario" description="Runs Cucumber Scenarios" data-provider="scenarios" finished-at="2023-06-05T13:10:58 IST" duration-ms="185" status="PASS">
          <params>
            <param index="0">
              <value>
                <![CDATA["This is to Demo the Tags Concept scenario-1"]]>
              </value>
            </param>
            <param index="1">
              <value>
                <![CDATA["This is to demo the tags Concept in cucumber"]]>
              </value>
            </param>
          </params>
          <reporter-output>
          </reporter-output>
        </test-method> <!-- runScenario -->
        <test-method signature="runScenario(io.cucumber.testng.PickleWrapper,io.cucumber.testng.FeatureWrapper)[pri:0, instance:Awesomecucus.Runners.TestNGRunnerTest@1f1c7bf6]" started-at="2023-06-05T13:10:58 IST" name="runScenario" description="Runs Cucumber Scenarios" data-provider="scenarios" finished-at="2023-06-05T13:10:58 IST" duration-ms="12" status="PASS">
          <params>
            <param index="0">
              <value>
                <![CDATA["This is to Demo the Tags Concept scenario-1"]]>
              </value>
            </param>
            <param index="1">
              <value>
                <![CDATA["This is to demo the tags Concept in cucumber"]]>
              </value>
            </param>
          </params>
          <reporter-output>
          </reporter-output>
        </test-method> <!-- runScenario -->
        <test-method signature="runScenario(io.cucumber.testng.PickleWrapper,io.cucumber.testng.FeatureWrapper)[pri:0, instance:Awesomecucus.Runners.TestNGRunnerTest@1f1c7bf6]" started-at="2023-06-05T13:10:58 IST" name="runScenario" description="Runs Cucumber Scenarios" data-provider="scenarios" finished-at="2023-06-05T13:10:58 IST" duration-ms="10" status="PASS">
          <params>
            <param index="0">
              <value>
                <![CDATA["This is to Demo the Tags Concept scenario-2"]]>
              </value>
            </param>
            <param index="1">
              <value>
                <![CDATA["This is to demo the tags Concept in cucumber"]]>
              </value>
            </param>
          </params>
          <reporter-output>
          </reporter-output>
        </test-method> <!-- runScenario -->
        <test-method signature="runScenario(io.cucumber.testng.PickleWrapper,io.cucumber.testng.FeatureWrapper)[pri:0, instance:Awesomecucus.Runners.TestNGRunnerTest@1f1c7bf6]" started-at="2023-06-05T13:10:58 IST" name="runScenario" description="Runs Cucumber Scenarios" data-provider="scenarios" finished-at="2023-06-05T13:10:58 IST" duration-ms="12" status="PASS">
          <params>
            <param index="0">
              <value>
                <![CDATA["This is to Demo the Tags Concept scenario-2"]]>
              </value>
            </param>
            <param index="1">
              <value>
                <![CDATA["This is to demo the tags Concept in cucumber"]]>
              </value>
            </param>
          </params>
          <reporter-output>
          </reporter-output>
        </test-method> <!-- runScenario -->
        <test-method is-config="true" signature="QuiteDriver()[pri:0, instance:Awesomecucus.Runners.TestNGRunnerTest@1f1c7bf6]" started-at="2023-06-05T13:10:58 IST" name="QuiteDriver" finished-at="2023-06-05T13:10:58 IST" duration-ms="0" status="PASS">
          <reporter-output>
          </reporter-output>
        </test-method> <!-- QuiteDriver -->
        <test-method is-config="true" signature="tearDownClass()[pri:0, instance:Awesomecucus.Runners.TestNGRunnerTest@1f1c7bf6]" started-at="2023-06-05T13:10:58 IST" name="tearDownClass" finished-at="2023-06-05T13:10:59 IST" duration-ms="79" status="PASS">
          <reporter-output>
          </reporter-output>
        </test-method> <!-- tearDownClass -->
      </class> <!-- Awesomecucus.Runners.TestNGRunnerTest -->
    </test> <!-- Command line test -->
  </suite> <!-- Command line suite -->
</testng-results>
